[2026-03-31 10:41:56] ❌ mission-control is not responding on port 10086
[2026-03-31 10:41:56] ⚠️ mission-control (port 10086) is down, restarting...
Use --update-env to update environment variables
[PM2] Applying action restartProcessId on app [mission-control](ids: [ 0 ])
[PM2] [mission-control](0) ✓
┌────┬────────────────────┬─────────────┬─────────┬─────────┬──────────┬────────┬──────┬───────────┬──────────┬──────────┬──────────┬──────────┐
│ id │ name               │ namespace   │ version │ mode    │ pid      │ uptime │ ↺    │ status    │ cpu      │ mem      │ user     │ watching │
├────┼────────────────────┼─────────────┼─────────┼─────────┼──────────┼────────┼──────┼───────────┼──────────┼──────────┼──────────┼──────────┤
│ 0  │ mission-control    │ default     │ N/A     │ fork    │ 1395935  │ 0s     │ 1    │ online    │ 0%       │ 20.1mb   │ bullrom  │ disabled │
│ 1  │ star-office        │ default     │ 1.0.3   │ fork    │ 1395755  │ 71s    │ 0    │ online    │ 0%       │ 39.9mb   │ bullrom  │ disabled │
└────┴────────────────────┴─────────────┴─────────┴─────────┴──────────┴────────┴──────┴───────────┴──────────┴──────────┴──────────┴──────────┘
[2026-03-31 10:42:00] ❌ mission-control restart failed
[2026-03-31 10:42:00] ✅ star-office is healthy
[2026-03-31 10:42:24] ✅ mission-control is healthy
[2026-03-31 10:42:24] ✅ star-office is healthy
[2026-03-31 10:45:01] ❌ mission-control is not responding on port 10086
[2026-03-31 10:45:01] ⚠️ mission-control (port 10086) is down, restarting...
/home/bullrom/mission-control/healthcheck.sh: line 16: pm2: command not found
[2026-03-31 10:45:04] ❌ mission-control restart failed
[2026-03-31 10:45:04] ❌ star-office is not responding on port 19000
[2026-03-31 10:45:04] ⚠️ star-office (port 19000) is down, restarting...
/home/bullrom/mission-control/healthcheck.sh: line 16: pm2: command not found
[2026-03-31 10:45:07] ❌ star-office restart failed
[2026-03-31 10:50:01] ✅ mission-control is healthy
[2026-03-31 10:50:01] ✅ star-office is healthy
[2026-03-31 10:55:01] ❌ mission-control is not responding on port 10086
[2026-03-31 10:55:01] ⚠️ mission-control (port 10086) is down, restarting...
/home/bullrom/mission-control/healthcheck.sh: line 16: pm2: command not found
[2026-03-31 10:55:04] ❌ mission-control restart failed
[2026-03-31 10:55:04] ❌ star-office is not responding on port 19000
[2026-03-31 10:55:04] ⚠️ star-office (port 19000) is down, restarting...
/home/bullrom/mission-control/healthcheck.sh: line 16: pm2: command not found
[2026-03-31 10:55:07] ❌ star-office restart failed
[2026-03-31 11:00:01] ✅ mission-control is healthy
[2026-03-31 11:00:01] ✅ star-office is healthy
[2026-03-31 11:05:01] ✅ mission-control is healthy
[2026-03-31 11:05:01] ✅ star-office is healthy
[2026-03-31 11:10:01] ✅ mission-control is healthy
[2026-03-31 11:10:01] ❌ star-office is not responding on port 19000
[2026-03-31 11:10:01] ⚠️ star-office (port 19000) is down, restarting...
/home/bullrom/mission-control/healthcheck.sh: line 16: pm2: command not found
[2026-03-31 11:10:04] ❌ star-office restart failed
[2026-03-31 11:15:01] ✅ mission-control is healthy
[2026-03-31 11:15:01] ✅ star-office is healthy
[2026-03-31 11:20:01] ✅ mission-control is healthy
[2026-03-31 11:20:01] ✅ star-office is healthy
[2026-03-31 11:25:02] ✅ mission-control is healthy
[2026-03-31 11:25:02] ✅ star-office is healthy
[2026-03-31 11:30:01] ✅ mission-control is healthy
[2026-03-31 11:30:01] ✅ star-office is healthy
[2026-03-31 11:35:01] ✅ mission-control is healthy
[2026-03-31 11:35:01] ✅ star-office is healthy
[2026-03-31 11:40:01] ✅ mission-control is healthy
[2026-03-31 11:40:01] ✅ star-office is healthy
[2026-03-31 11:45:01] ✅ mission-control is healthy
[2026-03-31 11:45:01] ✅ star-office is healthy
[2026-03-31 11:50:01] ✅ mission-control is healthy
[2026-03-31 11:50:01] ✅ star-office is healthy
[2026-03-31 11:55:01] ✅ mission-control is healthy
[2026-03-31 11:55:01] ✅ star-office is healthy
[2026-03-31 12:00:01] ✅ mission-control is healthy
[2026-03-31 12:00:01] ✅ star-office is healthy
[2026-03-31 12:05:01] ✅ mission-control is healthy
[2026-03-31 12:05:01] ✅ star-office is healthy
[2026-03-31 12:10:01] ✅ mission-control is healthy
[2026-03-31 12:10:01] ✅ star-office is healthy
[2026-03-31 12:15:01] ✅ mission-control is healthy
[2026-03-31 12:15:01] ✅ star-office is healthy
[2026-03-31 12:20:01] ✅ mission-control is healthy
[2026-03-31 12:20:01] ✅ star-office is healthy
[2026-03-31 12:25:01] ✅ mission-control is healthy
[2026-03-31 12:25:01] ✅ star-office is healthy
[2026-03-31 12:30:01] ✅ mission-control is healthy
[2026-03-31 12:30:01] ✅ star-office is healthy
[2026-03-31 12:35:01] ✅ mission-control is healthy
[2026-03-31 12:35:01] ✅ star-office is healthy
[2026-03-31 12:40:01] ✅ mission-control is healthy
[2026-03-31 12:40:01] ✅ star-office is healthy
[2026-03-31 12:45:01] ✅ mission-control is healthy
[2026-03-31 12:45:01] ✅ star-office is healthy
[2026-03-31 12:50:01] ✅ mission-control is healthy
[2026-03-31 12:50:01] ✅ star-office is healthy
[2026-03-31 12:55:01] ✅ mission-control is healthy
[2026-03-31 12:55:01] ✅ star-office is healthy
[2026-03-31 13:00:01] ✅ mission-control is healthy
[2026-03-31 13:00:01] ✅ star-office is healthy
[2026-03-31 13:05:01] ✅ mission-control is healthy
[2026-03-31 13:05:01] ✅ star-office is healthy
[2026-03-31 13:10:01] ✅ mission-control is healthy
[2026-03-31 13:10:01] ✅ star-office is healthy
[2026-03-31 13:15:01] ✅ mission-control is healthy
[2026-03-31 13:15:01] ✅ star-office is healthy
[2026-03-31 13:20:01] ✅ mission-control is healthy
[2026-03-31 13:20:01] ✅ star-office is healthy
[2026-03-31 13:25:01] ✅ mission-control is healthy
[2026-03-31 13:25:01] ✅ star-office is healthy
[2026-03-31 13:30:01] ✅ mission-control is healthy
[2026-03-31 13:30:01] ✅ star-office is healthy
[2026-03-31 13:35:01] ✅ mission-control is healthy
[2026-03-31 13:35:01] ✅ star-office is healthy
[2026-03-31 13:40:01] ✅ mission-control is healthy
[2026-03-31 13:40:02] ✅ star-office is healthy
[2026-03-31 13:45:01] ✅ mission-control is healthy
[2026-03-31 13:45:01] ✅ star-office is healthy
[2026-03-31 13:50:01] ❌ mission-control is not responding on port 10086
[2026-03-31 13:50:01] ⚠️ mission-control (port 10086) is down, restarting...
/home/bullrom/mission-control/healthcheck.sh: line 16: pm2: command not found
[2026-03-31 13:50:04] ❌ mission-control restart failed
[2026-03-31 13:50:04] ✅ star-office is healthy
[2026-03-31 13:55:01] ✅ mission-control is healthy
[2026-03-31 13:55:01] ✅ star-office is healthy
[2026-03-31 14:00:01] ✅ mission-control is healthy
[2026-03-31 14:00:02] ✅ star-office is healthy
[2026-03-31 14:05:01] ✅ mission-control is healthy
[2026-03-31 14:05:01] ✅ star-office is healthy
[2026-03-31 14:10:01] ✅ mission-control is healthy
[2026-03-31 14:10:01] ✅ star-office is healthy
[2026-03-31 14:15:05] ✅ mission-control is healthy
[2026-03-31 14:15:05] ✅ star-office is healthy
[2026-03-31 14:20:01] ✅ mission-control is healthy
[2026-03-31 14:20:01] ✅ star-office is healthy
[2026-03-31 14:25:01] ✅ mission-control is healthy
[2026-03-31 14:25:01] ✅ star-office is healthy
[2026-03-31 14:30:01] ✅ mission-control is healthy
[2026-03-31 14:30:01] ✅ star-office is healthy
[2026-03-31 14:35:01] ✅ mission-control is healthy
[2026-03-31 14:35:01] ✅ star-office is healthy
[2026-03-31 14:40:01] ✅ mission-control is healthy
[2026-03-31 14:40:01] ✅ star-office is healthy
[2026-03-31 14:45:01] ✅ mission-control is healthy
[2026-03-31 14:45:01] ✅ star-office is healthy
[2026-03-31 14:50:01] ✅ mission-control is healthy
[2026-03-31 14:50:01] ✅ star-office is healthy
[2026-03-31 14:55:01] ✅ mission-control is healthy
[2026-03-31 14:55:01] ✅ star-office is healthy
[2026-03-31 15:00:02] ✅ mission-control is healthy
[2026-03-31 15:00:02] ✅ star-office is healthy
[2026-03-31 15:05:01] ✅ mission-control is healthy
[2026-03-31 15:05:01] ✅ star-office is healthy
[2026-03-31 15:10:01] ✅ mission-control is healthy
[2026-03-31 15:10:01] ✅ star-office is healthy
[2026-03-31 15:15:01] ✅ mission-control is healthy
[2026-03-31 15:15:01] ✅ star-office is healthy
[2026-03-31 15:20:01] ✅ mission-control is healthy
[2026-03-31 15:20:01] ✅ star-office is healthy
[2026-03-31 15:25:01] ✅ mission-control is healthy
[2026-03-31 15:25:01] ✅ star-office is healthy
[2026-03-31 15:30:01] ✅ mission-control is healthy
[2026-03-31 15:30:01] ✅ star-office is healthy
[2026-03-31 15:35:01] ✅ mission-control is healthy
[2026-03-31 15:35:01] ✅ star-office is healthy
[2026-03-31 15:40:01] ✅ mission-control is healthy
[2026-03-31 15:40:01] ✅ star-office is healthy
[2026-03-31 15:45:01] ✅ mission-control is healthy
[2026-03-31 15:45:02] ✅ star-office is healthy
[2026-03-31 15:50:01] ✅ mission-control is healthy
[2026-03-31 15:50:01] ✅ star-office is healthy
[2026-03-31 15:55:01] ✅ mission-control is healthy
[2026-03-31 15:55:01] ✅ star-office is healthy
[2026-03-31 16:00:01] ✅ mission-control is healthy
[2026-03-31 16:00:01] ✅ star-office is healthy
[2026-03-31 16:05:01] ✅ mission-control is healthy
[2026-03-31 16:05:01] ✅ star-office is healthy
[2026-03-31 16:10:01] ✅ mission-control is healthy
[2026-03-31 16:10:01] ✅ star-office is healthy
[2026-03-31 16:15:01] ✅ mission-control is healthy
[2026-03-31 16:15:01] ✅ star-office is healthy
[2026-03-31 16:20:01] ✅ mission-control is healthy
[2026-03-31 16:20:01] ✅ star-office is healthy
[2026-03-31 16:25:01] ✅ mission-control is healthy
[2026-03-31 16:25:01] ✅ star-office is healthy
[2026-03-31 16:30:02] ✅ mission-control is healthy
[2026-03-31 16:30:02] ✅ star-office is healthy
[2026-03-31 16:35:01] ✅ mission-control is healthy
[2026-03-31 16:35:01] ✅ star-office is healthy
[2026-03-31 16:40:01] ✅ mission-control is healthy
[2026-03-31 16:40:01] ✅ star-office is healthy
[2026-03-31 16:45:01] ✅ mission-control is healthy
[2026-03-31 16:45:01] ✅ star-office is healthy
[2026-03-31 16:50:01] ✅ mission-control is healthy
[2026-03-31 16:50:01] ✅ star-office is healthy
[2026-03-31 16:55:01] ✅ mission-control is healthy
[2026-03-31 16:55:01] ✅ star-office is healthy
[2026-03-31 17:00:01] ✅ mission-control is healthy
[2026-03-31 17:00:01] ✅ star-office is healthy
[2026-03-31 17:05:02] ✅ mission-control is healthy
[2026-03-31 17:05:02] ✅ star-office is healthy
[2026-03-31 17:10:01] ✅ mission-control is healthy
[2026-03-31 17:10:01] ✅ star-office is healthy
[2026-03-31 17:15:01] ✅ mission-control is healthy
[2026-03-31 17:15:01] ✅ star-office is healthy
[2026-03-31 17:20:01] ✅ mission-control is healthy
[2026-03-31 17:20:01] ✅ star-office is healthy
[2026-03-31 17:25:01] ✅ mission-control is healthy
[2026-03-31 17:25:01] ✅ star-office is healthy
[2026-03-31 17:30:01] ✅ mission-control is healthy
[2026-03-31 17:30:01] ✅ star-office is healthy
[2026-03-31 17:35:01] ✅ mission-control is healthy
[2026-03-31 17:35:01] ✅ star-office is healthy
[2026-03-31 17:40:01] ✅ mission-control is healthy
[2026-03-31 17:40:02] ✅ star-office is healthy
[2026-03-31 17:45:01] ✅ mission-control is healthy
[2026-03-31 17:45:01] ✅ star-office is healthy
[2026-03-31 17:50:01] ✅ mission-control is healthy
[2026-03-31 17:50:01] ✅ star-office is healthy
[2026-03-31 17:55:01] ✅ mission-control is healthy
[2026-03-31 17:55:01] ✅ star-office is healthy
[2026-03-31 18:00:01] ✅ mission-control is healthy
[2026-03-31 18:00:01] ✅ star-office is healthy
[2026-03-31 18:05:01] ✅ mission-control is healthy
[2026-03-31 18:05:02] ✅ star-office is healthy
[2026-03-31 18:10:01] ✅ mission-control is healthy
[2026-03-31 18:10:01] ✅ star-office is healthy
[2026-03-31 18:15:01] ✅ mission-control is healthy
[2026-03-31 18:15:01] ✅ star-office is healthy
[2026-03-31 18:20:01] ✅ mission-control is healthy
[2026-03-31 18:20:01] ✅ star-office is healthy
[2026-03-31 18:25:01] ✅ mission-control is healthy
[2026-03-31 18:25:01] ✅ star-office is healthy
[2026-03-31 18:30:01] ✅ mission-control is healthy
[2026-03-31 18:30:01] ✅ star-office is healthy
[2026-03-31 18:35:01] ✅ mission-control is healthy
[2026-03-31 18:35:01] ✅ star-office is healthy
[2026-03-31 18:40:01] ✅ mission-control is healthy
[2026-03-31 18:40:01] ✅ star-office is healthy
[2026-03-31 18:45:01] ✅ mission-control is healthy
[2026-03-31 18:45:01] ✅ star-office is healthy
[2026-03-31 18:50:01] ✅ mission-control is healthy
[2026-03-31 18:50:01] ✅ star-office is healthy
[2026-03-31 18:55:01] ✅ mission-control is healthy
[2026-03-31 18:55:01] ✅ star-office is healthy
[2026-03-31 19:00:01] ✅ mission-control is healthy
[2026-03-31 19:00:01] ✅ star-office is healthy
[2026-03-31 19:05:01] ✅ mission-control is healthy
[2026-03-31 19:05:01] ✅ star-office is healthy
[2026-03-31 19:10:02] ✅ mission-control is healthy
[2026-03-31 19:10:02] ✅ star-office is healthy
[2026-03-31 19:15:01] ✅ mission-control is healthy
[2026-03-31 19:15:01] ✅ star-office is healthy
[2026-03-31 19:20:01] ✅ mission-control is healthy
[2026-03-31 19:20:01] ✅ star-office is healthy
[2026-03-31 19:25:01] ✅ mission-control is healthy
[2026-03-31 19:25:01] ✅ star-office is healthy
[2026-03-31 19:30:01] ✅ mission-control is healthy
[2026-03-31 19:30:01] ✅ star-office is healthy
[2026-03-31 19:35:01] ✅ mission-control is healthy
[2026-03-31 19:35:01] ✅ star-office is healthy
[2026-03-31 19:40:01] ✅ mission-control is healthy
[2026-03-31 19:40:01] ✅ star-office is healthy
[2026-03-31 19:45:01] ✅ mission-control is healthy
[2026-03-31 19:45:01] ✅ star-office is healthy
[2026-03-31 19:50:01] ✅ mission-control is healthy
[2026-03-31 19:50:01] ✅ star-office is healthy
[2026-03-31 19:55:01] ✅ mission-control is healthy
[2026-03-31 19:55:01] ✅ star-office is healthy
[2026-03-31 20:00:01] ✅ mission-control is healthy
[2026-03-31 20:00:01] ✅ star-office is healthy
[2026-03-31 20:05:02] ✅ mission-control is healthy
[2026-03-31 20:05:02] ✅ star-office is healthy
[2026-03-31 20:10:01] ✅ mission-control is healthy
[2026-03-31 20:10:01] ✅ star-office is healthy
[2026-03-31 20:15:01] ✅ mission-control is healthy
[2026-03-31 20:15:01] ✅ star-office is healthy
[2026-03-31 20:20:01] ✅ mission-control is healthy
[2026-03-31 20:20:01] ✅ star-office is healthy
[2026-03-31 20:25:01] ✅ mission-control is healthy
[2026-03-31 20:25:02] ✅ star-office is healthy
[2026-03-31 20:30:01] ✅ mission-control is healthy
[2026-03-31 20:30:01] ✅ star-office is healthy
[2026-03-31 20:35:01] ✅ mission-control is healthy
[2026-03-31 20:35:01] ✅ star-office is healthy
[2026-03-31 20:40:01] ✅ mission-control is healthy
[2026-03-31 20:40:01] ✅ star-office is healthy
[2026-03-31 20:45:01] ✅ mission-control is healthy
[2026-03-31 20:45:01] ✅ star-office is healthy
[2026-03-31 20:50:01] ✅ mission-control is healthy
[2026-03-31 20:50:01] ✅ star-office is healthy
[2026-03-31 20:55:01] ✅ mission-control is healthy
[2026-03-31 20:55:01] ✅ star-office is healthy
[2026-03-31 21:00:01] ✅ mission-control is healthy
[2026-03-31 21:00:01] ✅ star-office is healthy
[2026-03-31 21:05:01] ✅ mission-control is healthy
[2026-03-31 21:05:01] ✅ star-office is healthy
[2026-03-31 21:10:01] ✅ mission-control is healthy
[2026-03-31 21:10:01] ✅ star-office is healthy
[2026-03-31 21:15:01] ✅ mission-control is healthy
[2026-03-31 21:15:01] ✅ star-office is healthy
[2026-03-31 21:20:01] ✅ mission-control is healthy
[2026-03-31 21:20:01] ✅ star-office is healthy
[2026-03-31 21:25:01] ✅ mission-control is healthy
[2026-03-31 21:25:01] ✅ star-office is healthy
[2026-03-31 21:30:01] ✅ mission-control is healthy
[2026-03-31 21:30:01] ✅ star-office is healthy
[2026-03-31 21:35:01] ✅ mission-control is healthy
[2026-03-31 21:35:01] ✅ star-office is healthy
[2026-03-31 21:40:01] ✅ mission-control is healthy
[2026-03-31 21:40:01] ✅ star-office is healthy
[2026-03-31 21:45:01] ✅ mission-control is healthy
[2026-03-31 21:45:01] ✅ star-office is healthy
[2026-03-31 21:50:01] ✅ mission-control is healthy
[2026-03-31 21:50:01] ✅ star-office is healthy
[2026-03-31 21:55:01] ✅ mission-control is healthy
[2026-03-31 21:55:01] ✅ star-office is healthy
[2026-03-31 22:00:01] ✅ mission-control is healthy
[2026-03-31 22:00:01] ✅ star-office is healthy
[2026-03-31 22:05:01] ✅ mission-control is healthy
[2026-03-31 22:05:01] ✅ star-office is healthy
[2026-03-31 22:10:01] ✅ mission-control is healthy
[2026-03-31 22:10:01] ✅ star-office is healthy
[2026-03-31 22:15:01] ✅ mission-control is healthy
[2026-03-31 22:15:01] ✅ star-office is healthy
[2026-03-31 22:20:01] ✅ mission-control is healthy
[2026-03-31 22:20:01] ✅ star-office is healthy
[2026-03-31 22:25:01] ✅ mission-control is healthy
[2026-03-31 22:25:01] ✅ star-office is healthy
[2026-03-31 22:30:01] ✅ mission-control is healthy
[2026-03-31 22:30:01] ✅ star-office is healthy
[2026-03-31 22:35:01] ✅ mission-control is healthy
[2026-03-31 22:35:01] ✅ star-office is healthy
[2026-03-31 22:40:01] ✅ mission-control is healthy
[2026-03-31 22:40:01] ✅ star-office is healthy
[2026-03-31 22:45:01] ✅ mission-control is healthy
[2026-03-31 22:45:01] ✅ star-office is healthy
[2026-03-31 22:50:01] ✅ mission-control is healthy
[2026-03-31 22:50:01] ✅ star-office is healthy
[2026-03-31 22:55:01] ✅ mission-control is healthy
[2026-03-31 22:55:01] ✅ star-office is healthy
[2026-03-31 23:25:01] ✅ mission-control is healthy
[2026-03-31 23:25:01] ✅ star-office is healthy
[2026-03-31 23:30:01] ✅ mission-control is healthy
[2026-03-31 23:30:01] ✅ star-office is healthy
[2026-03-31 23:35:01] ✅ mission-control is healthy
[2026-03-31 23:35:01] ✅ star-office is healthy
[2026-03-31 23:40:01] ✅ mission-control is healthy
[2026-03-31 23:40:01] ✅ star-office is healthy
[2026-03-31 23:45:01] ✅ mission-control is healthy
[2026-03-31 23:45:01] ✅ star-office is healthy
[2026-03-31 23:50:01] ✅ mission-control is healthy
[2026-03-31 23:50:01] ✅ star-office is healthy
[2026-03-31 23:55:01] ✅ mission-control is healthy
[2026-03-31 23:55:01] ✅ star-office is healthy
[2026-04-01 00:00:01] ✅ mission-control is healthy
[2026-04-01 00:00:01] ✅ star-office is healthy
[2026-04-01 00:05:01] ✅ mission-control is healthy
[2026-04-01 00:05:01] ✅ star-office is healthy
[2026-04-01 00:10:02] ✅ mission-control is healthy
[2026-04-01 00:10:02] ✅ star-office is healthy
[2026-04-01 00:15:01] ✅ mission-control is healthy
[2026-04-01 00:15:01] ✅ star-office is healthy
[2026-04-01 00:20:01] ✅ mission-control is healthy
[2026-04-01 00:20:01] ✅ star-office is healthy
[2026-04-01 00:25:01] ✅ mission-control is healthy
[2026-04-01 00:25:01] ✅ star-office is healthy
[2026-04-01 00:30:01] ✅ mission-control is healthy
[2026-04-01 00:30:01] ✅ star-office is healthy
[2026-04-01 00:35:01] ✅ mission-control is healthy
[2026-04-01 00:35:01] ✅ star-office is healthy
[2026-04-01 00:40:01] ✅ mission-control is healthy
[2026-04-01 00:40:01] ✅ star-office is healthy
[2026-04-01 00:45:01] ✅ mission-control is healthy
[2026-04-01 00:45:01] ✅ star-office is healthy
[2026-04-01 00:50:01] ✅ mission-control is healthy
[2026-04-01 00:50:01] ✅ star-office is healthy
[2026-04-01 00:55:01] ✅ mission-control is healthy
[2026-04-01 00:55:01] ✅ star-office is healthy
[2026-04-01 01:00:01] ✅ mission-control is healthy
[2026-04-01 01:00:01] ✅ star-office is healthy
[2026-04-01 01:05:01] ✅ mission-control is healthy
[2026-04-01 01:05:02] ✅ star-office is healthy
[2026-04-01 01:10:01] ✅ mission-control is healthy
[2026-04-01 01:10:01] ✅ star-office is healthy
[2026-04-01 01:15:01] ✅ mission-control is healthy
[2026-04-01 01:15:01] ✅ star-office is healthy
[2026-04-01 01:20:01] ✅ mission-control is healthy
[2026-04-01 01:20:01] ✅ star-office is healthy
[2026-04-01 01:25:01] ✅ mission-control is healthy
[2026-04-01 01:25:01] ✅ star-office is healthy
[2026-04-01 01:30:01] ✅ mission-control is healthy
[2026-04-01 01:30:01] ✅ star-office is healthy
[2026-04-01 01:35:01] ✅ mission-control is healthy
[2026-04-01 01:35:01] ✅ star-office is healthy
[2026-04-01 01:40:01] ✅ mission-control is healthy
[2026-04-01 01:40:01] ✅ star-office is healthy
[2026-04-01 01:45:01] ✅ mission-control is healthy
[2026-04-01 01:45:01] ✅ star-office is healthy
[2026-04-01 01:50:01] ✅ mission-control is healthy
[2026-04-01 01:50:01] ✅ star-office is healthy
[2026-04-01 01:55:01] ✅ mission-control is healthy
[2026-04-01 01:55:01] ✅ star-office is healthy
[2026-04-01 02:00:01] ✅ mission-control is healthy
[2026-04-01 02:00:01] ✅ star-office is healthy
[2026-04-01 02:05:01] ✅ mission-control is healthy
[2026-04-01 02:05:01] ✅ star-office is healthy
[2026-04-01 02:10:02] ✅ mission-control is healthy
[2026-04-01 02:10:02] ✅ star-office is healthy
[2026-04-01 02:15:01] ✅ mission-control is healthy
[2026-04-01 02:15:01] ✅ star-office is healthy
[2026-04-01 02:20:01] ✅ mission-control is healthy
[2026-04-01 02:20:01] ✅ star-office is healthy
[2026-04-01 02:25:01] ✅ mission-control is healthy
[2026-04-01 02:25:01] ✅ star-office is healthy
[2026-04-01 02:30:01] ✅ mission-control is healthy
[2026-04-01 02:30:01] ✅ star-office is healthy
[2026-04-01 02:35:01] ✅ mission-control is healthy
[2026-04-01 02:35:01] ✅ star-office is healthy
[2026-04-01 02:40:01] ✅ mission-control is healthy
[2026-04-01 02:40:01] ✅ star-office is healthy
[2026-04-01 02:45:01] ✅ mission-control is healthy
[2026-04-01 02:45:01] ✅ star-office is healthy
[2026-04-01 02:50:01] ✅ mission-control is healthy
[2026-04-01 02:50:01] ✅ star-office is healthy
[2026-04-01 02:55:01] ✅ mission-control is healthy
[2026-04-01 02:55:01] ✅ star-office is healthy
[2026-04-01 03:00:01] ✅ mission-control is healthy
[2026-04-01 03:00:01] ✅ star-office is healthy
[2026-04-01 03:05:01] ✅ mission-control is healthy
[2026-04-01 03:05:01] ✅ star-office is healthy
[2026-04-01 03:10:01] ✅ mission-control is healthy
[2026-04-01 03:10:01] ✅ star-office is healthy
[2026-04-01 03:15:01] ✅ mission-control is healthy
[2026-04-01 03:15:01] ✅ star-office is healthy
[2026-04-01 03:20:01] ✅ mission-control is healthy
[2026-04-01 03:20:01] ✅ star-office is healthy
[2026-04-01 03:25:01] ✅ mission-control is healthy
[2026-04-01 03:25:01] ✅ star-office is healthy
[2026-04-01 03:30:01] ✅ mission-control is healthy
[2026-04-01 03:30:01] ✅ star-office is healthy
[2026-04-01 03:35:01] ✅ mission-control is healthy
[2026-04-01 03:35:01] ✅ star-office is healthy
[2026-04-01 03:40:01] ✅ mission-control is healthy
[2026-04-01 03:40:01] ✅ star-office is healthy
[2026-04-01 03:45:01] ✅ mission-control is healthy
[2026-04-01 03:45:01] ✅ star-office is healthy
[2026-04-01 03:50:01] ✅ mission-control is healthy
[2026-04-01 03:50:01] ✅ star-office is healthy
[2026-04-01 03:55:01] ✅ mission-control is healthy
[2026-04-01 03:55:01] ✅ star-office is healthy
[2026-04-01 04:00:02] ✅ mission-control is healthy
[2026-04-01 04:00:02] ✅ star-office is healthy
[2026-04-01 04:05:01] ✅ mission-control is healthy
[2026-04-01 04:05:01] ✅ star-office is healthy
[2026-04-01 04:10:01] ✅ mission-control is healthy
[2026-04-01 04:10:01] ✅ star-office is healthy
[2026-04-01 04:15:01] ✅ mission-control is healthy
[2026-04-01 04:15:01] ✅ star-office is healthy
[2026-04-01 04:20:01] ✅ mission-control is healthy
[2026-04-01 04:20:01] ✅ star-office is healthy
[2026-04-01 04:25:01] ✅ mission-control is healthy
[2026-04-01 04:25:01] ✅ star-office is healthy
[2026-04-01 04:30:01] ✅ mission-control is healthy
[2026-04-01 04:30:01] ✅ star-office is healthy
[2026-04-01 04:35:01] ✅ mission-control is healthy
[2026-04-01 04:35:01] ✅ star-office is healthy
[2026-04-01 04:40:01] ✅ mission-control is healthy
[2026-04-01 04:40:01] ✅ star-office is healthy
[2026-04-01 04:45:01] ✅ mission-control is healthy
[2026-04-01 04:45:01] ✅ star-office is healthy
[2026-04-01 04:50:01] ✅ mission-control is healthy
[2026-04-01 04:50:01] ✅ star-office is healthy
[2026-04-01 04:55:01] ✅ mission-control is healthy
[2026-04-01 04:55:01] ✅ star-office is healthy
[2026-04-01 05:00:01] ✅ mission-control is healthy
[2026-04-01 05:00:01] ✅ star-office is healthy
[2026-04-01 05:05:01] ✅ mission-control is healthy
[2026-04-01 05:05:01] ✅ star-office is healthy
[2026-04-01 05:10:02] ✅ mission-control is healthy
[2026-04-01 05:10:02] ✅ star-office is healthy
[2026-04-01 05:15:01] ✅ mission-control is healthy
[2026-04-01 05:15:01] ✅ star-office is healthy
[2026-04-01 05:20:01] ✅ mission-control is healthy
[2026-04-01 05:20:01] ✅ star-office is healthy
[2026-04-01 05:25:01] ✅ mission-control is healthy
[2026-04-01 05:25:01] ✅ star-office is healthy
[2026-04-01 05:30:01] ✅ mission-control is healthy
[2026-04-01 05:30:01] ✅ star-office is healthy
[2026-04-01 05:35:01] ✅ mission-control is healthy
[2026-04-01 05:35:01] ✅ star-office is healthy
[2026-04-01 05:40:01] ✅ mission-control is healthy
[2026-04-01 05:40:01] ✅ star-office is healthy
[2026-04-01 05:45:01] ✅ mission-control is healthy
[2026-04-01 05:45:01] ✅ star-office is healthy
[2026-04-01 05:50:01] ✅ mission-control is healthy
[2026-04-01 05:50:01] ✅ star-office is healthy
[2026-04-01 05:55:01] ✅ mission-control is healthy
[2026-04-01 05:55:01] ✅ star-office is healthy
[2026-04-01 06:00:01] ✅ mission-control is healthy
[2026-04-01 06:00:01] ✅ star-office is healthy
[2026-04-01 06:05:01] ✅ mission-control is healthy
[2026-04-01 06:05:01] ✅ star-office is healthy
[2026-04-01 06:10:01] ✅ mission-control is healthy
[2026-04-01 06:10:01] ✅ star-office is healthy
[2026-04-01 06:15:01] ✅ mission-control is healthy
[2026-04-01 06:15:01] ✅ star-office is healthy
[2026-04-01 06:20:01] ✅ mission-control is healthy
[2026-04-01 06:20:01] ✅ star-office is healthy
[2026-04-01 06:25:01] ✅ mission-control is healthy
[2026-04-01 06:25:01] ✅ star-office is healthy
[2026-04-01 06:30:01] ✅ mission-control is healthy
[2026-04-01 06:30:01] ✅ star-office is healthy
[2026-04-01 06:35:01] ✅ mission-control is healthy
[2026-04-01 06:35:01] ✅ star-office is healthy
[2026-04-01 06:40:01] ✅ mission-control is healthy
[2026-04-01 06:40:01] ✅ star-office is healthy
[2026-04-01 06:45:01] ✅ mission-control is healthy
[2026-04-01 06:45:01] ✅ star-office is healthy
[2026-04-01 06:50:01] ✅ mission-control is healthy
[2026-04-01 06:50:01] ✅ star-office is healthy
[2026-04-01 06:55:01] ✅ mission-control is healthy
[2026-04-01 06:55:01] ✅ star-office is healthy
[2026-04-01 07:00:01] ✅ mission-control is healthy
[2026-04-01 07:00:01] ✅ star-office is healthy
[2026-04-01 07:05:01] ✅ mission-control is healthy
[2026-04-01 07:05:01] ✅ star-office is healthy
[2026-04-01 07:10:01] ✅ mission-control is healthy
[2026-04-01 07:10:01] ✅ star-office is healthy
[2026-04-01 07:15:01] ✅ mission-control is healthy
[2026-04-01 07:15:02] ✅ star-office is healthy
[2026-04-01 07:20:01] ✅ mission-control is healthy
[2026-04-01 07:20:01] ✅ star-office is healthy
[2026-04-01 07:25:01] ✅ mission-control is healthy
[2026-04-01 07:25:01] ✅ star-office is healthy
[2026-04-01 07:30:01] ✅ mission-control is healthy
[2026-04-01 07:30:01] ✅ star-office is healthy
[2026-04-01 07:35:01] ✅ mission-control is healthy
[2026-04-01 07:35:01] ✅ star-office is healthy
[2026-04-01 07:40:01] ✅ mission-control is healthy
[2026-04-01 07:40:01] ✅ star-office is healthy
[2026-04-01 07:45:01] ✅ mission-control is healthy
[2026-04-01 07:45:01] ✅ star-office is healthy
[2026-04-01 07:50:01] ✅ mission-control is healthy
[2026-04-01 07:50:01] ✅ star-office is healthy
[2026-04-01 07:55:01] ✅ mission-control is healthy
[2026-04-01 07:55:01] ✅ star-office is healthy
[2026-04-01 08:00:01] ✅ mission-control is healthy
[2026-04-01 08:00:01] ✅ star-office is healthy
[2026-04-01 08:05:01] ✅ mission-control is healthy
[2026-04-01 08:05:01] ✅ star-office is healthy
[2026-04-01 08:10:02] ✅ mission-control is healthy
[2026-04-01 08:10:02] ✅ star-office is healthy
[2026-04-01 08:15:01] ✅ mission-control is healthy
[2026-04-01 08:15:01] ✅ star-office is healthy
[2026-04-01 08:20:01] ✅ mission-control is healthy
[2026-04-01 08:20:01] ✅ star-office is healthy
[2026-04-01 08:25:01] ✅ mission-control is healthy
[2026-04-01 08:25:01] ✅ star-office is healthy
[2026-04-01 08:30:01] ✅ mission-control is healthy
[2026-04-01 08:30:01] ✅ star-office is healthy
[2026-04-01 08:35:01] ✅ mission-control is healthy
[2026-04-01 08:35:01] ✅ star-office is healthy
[2026-04-01 08:40:01] ✅ mission-control is healthy
[2026-04-01 08:40:01] ✅ star-office is healthy
[2026-04-01 08:45:01] ✅ mission-control is healthy
[2026-04-01 08:45:01] ✅ star-office is healthy
[2026-04-01 08:50:01] ✅ mission-control is healthy
[2026-04-01 08:50:01] ✅ star-office is healthy
[2026-04-01 08:55:01] ✅ mission-control is healthy
[2026-04-01 08:55:01] ✅ star-office is healthy
[2026-04-01 09:00:01] ✅ mission-control is healthy
[2026-04-01 09:00:01] ✅ star-office is healthy
[2026-04-01 09:05:01] ✅ mission-control is healthy
[2026-04-01 09:05:01] ✅ star-office is healthy
[2026-04-01 09:10:01] ✅ mission-control is healthy
[2026-04-01 09:10:01] ✅ star-office is healthy
[2026-04-01 09:15:01] ✅ mission-control is healthy
[2026-04-01 09:15:01] ✅ star-office is healthy
[2026-04-01 09:20:01] ✅ mission-control is healthy
[2026-04-01 09:20:01] ✅ star-office is healthy
[2026-04-01 09:25:01] ✅ mission-control is healthy
[2026-04-01 09:25:01] ✅ star-office is healthy
[2026-04-01 09:30:01] ✅ mission-control is healthy
[2026-04-01 09:30:01] ✅ star-office is healthy
[2026-04-01 09:35:01] ✅ mission-control is healthy
[2026-04-01 09:35:01] ✅ star-office is healthy
[2026-04-01 09:40:02] ❌ mission-control is not responding on port 10086
[2026-04-01 09:40:02] ⚠️ mission-control (port 10086) is down, restarting...
/home/bullrom/mission-control/healthcheck.sh: line 16: pm2: command not found
[2026-04-01 09:40:05] ✅ mission-control restarted successfully
[2026-04-01 09:40:06] ✅ star-office is healthy
[2026-04-01 09:45:01] ✅ mission-control is healthy
[2026-04-01 09:45:01] ✅ star-office is healthy
[2026-04-01 09:50:01] ✅ mission-control is healthy
[2026-04-01 09:50:01] ✅ star-office is healthy
[2026-04-01 09:55:01] ✅ mission-control is healthy
[2026-04-01 09:55:01] ✅ star-office is healthy
[2026-04-01 10:00:01] ✅ mission-control is healthy
[2026-04-01 10:00:01] ✅ star-office is healthy
[2026-04-01 10:05:01] ✅ mission-control is healthy
[2026-04-01 10:05:01] ✅ star-office is healthy
[2026-04-01 10:10:01] ✅ mission-control is healthy
[2026-04-01 10:10:02] ✅ star-office is healthy
[2026-04-01 10:15:01] ✅ mission-control is healthy
[2026-04-01 10:15:01] ✅ star-office is healthy
[2026-04-01 10:20:01] ✅ mission-control is healthy
[2026-04-01 10:20:01] ✅ star-office is healthy
[2026-04-01 10:25:02] ✅ mission-control is healthy
[2026-04-01 10:25:02] ✅ star-office is healthy
[2026-04-01 10:30:01] ✅ mission-control is healthy
[2026-04-01 10:30:01] ✅ star-office is healthy
[2026-04-01 10:35:01] ✅ mission-control is healthy
[2026-04-01 10:35:01] ✅ star-office is healthy
[2026-04-01 10:40:01] ✅ mission-control is healthy
[2026-04-01 10:40:01] ✅ star-office is healthy
[2026-04-01 10:45:01] ✅ mission-control is healthy
[2026-04-01 10:45:01] ✅ star-office is healthy
[2026-04-01 10:50:01] ✅ mission-control is healthy
[2026-04-01 10:50:01] ✅ star-office is healthy
[2026-04-01 10:55:01] ✅ mission-control is healthy
[2026-04-01 10:55:01] ✅ star-office is healthy
[2026-04-01 11:00:01] ✅ mission-control is healthy
[2026-04-01 11:00:01] ✅ star-office is healthy
[2026-04-01 11:05:02] ✅ mission-control is healthy
[2026-04-01 11:05:02] ✅ star-office is healthy
[2026-04-01 11:10:01] ✅ mission-control is healthy
[2026-04-01 11:10:01] ✅ star-office is healthy
[2026-04-01 11:15:01] ✅ mission-control is healthy
[2026-04-01 11:15:01] ✅ star-office is healthy
[2026-04-01 11:20:01] ✅ mission-control is healthy
[2026-04-01 11:20:01] ✅ star-office is healthy
[2026-04-01 11:25:01] ✅ mission-control is healthy
[2026-04-01 11:25:01] ✅ star-office is healthy
[2026-04-01 11:30:01] ✅ mission-control is healthy
[2026-04-01 11:30:01] ✅ star-office is healthy
[2026-04-01 11:35:01] ✅ mission-control is healthy
[2026-04-01 11:35:01] ✅ star-office is healthy
[2026-04-01 11:40:01] ✅ mission-control is healthy
[2026-04-01 11:40:01] ✅ star-office is healthy
[2026-04-01 11:45:01] ✅ mission-control is healthy
[2026-04-01 11:45:01] ✅ star-office is healthy
[2026-04-01 11:50:01] ✅ mission-control is healthy
[2026-04-01 11:50:01] ✅ star-office is healthy
[2026-04-01 11:55:01] ✅ mission-control is healthy
[2026-04-01 11:55:01] ✅ star-office is healthy
[2026-04-01 12:00:01] ✅ mission-control is healthy
[2026-04-01 12:00:01] ✅ star-office is healthy
[2026-04-01 12:05:01] ✅ mission-control is healthy
[2026-04-01 12:05:01] ✅ star-office is healthy
[2026-04-01 12:10:01] ✅ mission-control is healthy
[2026-04-01 12:10:02] ✅ star-office is healthy
[2026-04-01 12:15:01] ✅ mission-control is healthy
[2026-04-01 12:15:01] ✅ star-office is healthy
[2026-04-01 12:20:01] ✅ mission-control is healthy
[2026-04-01 12:20:01] ✅ star-office is healthy
[2026-04-01 12:25:01] ✅ mission-control is healthy
[2026-04-01 12:25:01] ✅ star-office is healthy
[2026-04-01 12:30:01] ✅ mission-control is healthy
[2026-04-01 12:30:01] ✅ star-office is healthy
[2026-04-01 12:35:01] ✅ mission-control is healthy
[2026-04-01 12:35:01] ✅ star-office is healthy
[2026-04-01 12:40:01] ✅ mission-control is healthy
[2026-04-01 12:40:01] ✅ star-office is healthy
[2026-04-01 12:45:01] ✅ mission-control is healthy
[2026-04-01 12:45:01] ✅ star-office is healthy
[2026-04-01 12:50:01] ✅ mission-control is healthy
[2026-04-01 12:50:01] ✅ star-office is healthy
[2026-04-01 12:55:01] ✅ mission-control is healthy
[2026-04-01 12:55:01] ✅ star-office is healthy
[2026-04-01 13:00:01] ✅ mission-control is healthy
[2026-04-01 13:00:01] ✅ star-office is healthy
[2026-04-01 13:05:01] ✅ mission-control is healthy
[2026-04-01 13:05:01] ✅ star-office is healthy
[2026-04-01 13:10:01] ✅ mission-control is healthy
[2026-04-01 13:10:01] ✅ star-office is healthy
[2026-04-01 13:15:01] ✅ mission-control is healthy
[2026-04-01 13:15:01] ✅ star-office is healthy
[2026-04-01 13:20:01] ✅ mission-control is healthy
[2026-04-01 13:20:01] ✅ star-office is healthy
[2026-04-01 13:25:01] ✅ mission-control is healthy
[2026-04-01 13:25:01] ✅ star-office is healthy
[2026-04-01 13:30:01] ✅ mission-control is healthy
[2026-04-01 13:30:01] ✅ star-office is healthy
[2026-04-01 13:35:01] ✅ mission-control is healthy
[2026-04-01 13:35:01] ✅ star-office is healthy
[2026-04-01 13:40:01] ✅ mission-control is healthy
[2026-04-01 13:40:01] ✅ star-office is healthy
[2026-04-01 13:45:01] ✅ mission-control is healthy
[2026-04-01 13:45:01] ✅ star-office is healthy
[2026-04-01 13:50:01] ✅ mission-control is healthy
[2026-04-01 13:50:01] ✅ star-office is healthy
[2026-04-01 13:55:01] ✅ mission-control is healthy
[2026-04-01 13:55:01] ✅ star-office is healthy
[2026-04-01 14:00:01] ✅ mission-control is healthy
[2026-04-01 14:00:01] ✅ star-office is healthy
[2026-04-01 14:05:01] ✅ mission-control is healthy
[2026-04-01 14:05:01] ✅ star-office is healthy
[2026-04-01 14:10:01] ✅ mission-control is healthy
[2026-04-01 14:10:01] ✅ star-office is healthy
[2026-04-01 14:15:01] ✅ mission-control is healthy
[2026-04-01 14:15:01] ✅ star-office is healthy
[2026-04-01 14:20:01] ✅ mission-control is healthy
[2026-04-01 14:20:01] ✅ star-office is healthy
[2026-04-01 14:25:01] ✅ mission-control is healthy
[2026-04-01 14:25:01] ✅ star-office is healthy
[2026-04-01 14:30:01] ✅ mission-control is healthy
[2026-04-01 14:30:01] ✅ star-office is healthy
[2026-04-01 14:35:01] ✅ mission-control is healthy
[2026-04-01 14:35:01] ✅ star-office is healthy
[2026-04-01 14:40:01] ✅ mission-control is healthy
[2026-04-01 14:40:01] ✅ star-office is healthy
[2026-04-01 14:45:01] ✅ mission-control is healthy
[2026-04-01 14:45:01] ✅ star-office is healthy
[2026-04-01 14:50:01] ✅ mission-control is healthy
[2026-04-01 14:50:01] ✅ star-office is healthy
[2026-04-01 14:55:01] ✅ mission-control is healthy
[2026-04-01 14:55:01] ✅ star-office is healthy
[2026-04-01 15:00:01] ✅ mission-control is healthy
[2026-04-01 15:00:01] ✅ star-office is healthy
[2026-04-01 15:05:01] ✅ mission-control is healthy
[2026-04-01 15:05:01] ✅ star-office is healthy
[2026-04-01 15:10:01] ✅ mission-control is healthy
[2026-04-01 15:10:01] ✅ star-office is healthy
[2026-04-01 15:15:01] ✅ mission-control is healthy
[2026-04-01 15:15:01] ✅ star-office is healthy
[2026-04-01 15:20:01] ✅ mission-control is healthy
[2026-04-01 15:20:01] ✅ star-office is healthy
[2026-04-01 15:25:01] ✅ mission-control is healthy
[2026-04-01 15:25:01] ✅ star-office is healthy
[2026-04-01 15:30:02] ✅ mission-control is healthy
[2026-04-01 15:30:02] ✅ star-office is healthy
[2026-04-01 15:35:01] ✅ mission-control is healthy
[2026-04-01 15:35:01] ✅ star-office is healthy
[2026-04-01 15:40:01] ✅ mission-control is healthy
[2026-04-01 15:40:01] ✅ star-office is healthy
[2026-04-01 15:45:01] ✅ mission-control is healthy
[2026-04-01 15:45:01] ✅ star-office is healthy
[2026-04-01 15:50:01] ✅ mission-control is healthy
[2026-04-01 15:50:01] ✅ star-office is healthy
[2026-04-01 15:55:01] ✅ mission-control is healthy
[2026-04-01 15:55:01] ✅ star-office is healthy
[2026-04-01 16:00:01] ✅ mission-control is healthy
[2026-04-01 16:00:01] ✅ star-office is healthy
[2026-04-01 16:05:01] ✅ mission-control is healthy
[2026-04-01 16:05:01] ✅ star-office is healthy
[2026-04-01 16:10:01] ✅ mission-control is healthy
[2026-04-01 16:10:01] ✅ star-office is healthy
[2026-04-01 16:15:01] ✅ mission-control is healthy
[2026-04-01 16:15:01] ✅ star-office is healthy
[2026-04-01 16:20:01] ✅ mission-control is healthy
[2026-04-01 16:20:01] ✅ star-office is healthy
[2026-04-01 16:25:01] ✅ mission-control is healthy
[2026-04-01 16:25:01] ✅ star-office is healthy
[2026-04-01 16:30:01] ✅ mission-control is healthy
[2026-04-01 16:30:01] ✅ star-office is healthy
[2026-04-01 16:35:01] ✅ mission-control is healthy
[2026-04-01 16:35:01] ✅ star-office is healthy
[2026-04-01 16:40:01] ✅ mission-control is healthy
[2026-04-01 16:40:01] ✅ star-office is healthy
[2026-04-01 16:45:01] ✅ mission-control is healthy
[2026-04-01 16:45:01] ✅ star-office is healthy
[2026-04-01 16:50:01] ✅ mission-control is healthy
[2026-04-01 16:50:01] ✅ star-office is healthy
[2026-04-01 16:55:01] ✅ mission-control is healthy
[2026-04-01 16:55:01] ✅ star-office is healthy
[2026-04-01 17:00:01] ✅ mission-control is healthy
[2026-04-01 17:00:01] ✅ star-office is healthy
[2026-04-01 17:05:02] ✅ mission-control is healthy
[2026-04-01 17:05:02] ✅ star-office is healthy
[2026-04-01 17:10:01] ✅ mission-control is healthy
[2026-04-01 17:10:01] ✅ star-office is healthy
[2026-04-01 17:15:01] ✅ mission-control is healthy
[2026-04-01 17:15:01] ✅ star-office is healthy
[2026-04-01 17:20:01] ✅ mission-control is healthy
[2026-04-01 17:20:01] ✅ star-office is healthy
[2026-04-01 17:25:01] ✅ mission-control is healthy
[2026-04-01 17:25:01] ✅ star-office is healthy
[2026-04-01 17:30:01] ✅ mission-control is healthy
[2026-04-01 17:30:01] ✅ star-office is healthy
[2026-04-01 17:35:01] ✅ mission-control is healthy
[2026-04-01 17:35:01] ✅ star-office is healthy
[2026-04-01 17:40:01] ✅ mission-control is healthy
[2026-04-01 17:40:01] ✅ star-office is healthy
[2026-04-01 17:45:02] ✅ mission-control is healthy
[2026-04-01 17:45:02] ✅ star-office is healthy
[2026-04-01 17:50:01] ✅ mission-control is healthy
[2026-04-01 17:50:01] ✅ star-office is healthy
[2026-04-01 17:55:01] ✅ mission-control is healthy
[2026-04-01 17:55:01] ✅ star-office is healthy
[2026-04-01 18:00:01] ✅ mission-control is healthy
[2026-04-01 18:00:01] ✅ star-office is healthy
[2026-04-01 18:05:01] ✅ mission-control is healthy
[2026-04-01 18:05:01] ✅ star-office is healthy
[2026-04-01 18:10:01] ✅ mission-control is healthy
[2026-04-01 18:10:01] ✅ star-office is healthy
[2026-04-01 18:15:01] ✅ mission-control is healthy
[2026-04-01 18:15:01] ✅ star-office is healthy
[2026-04-01 18:20:01] ✅ mission-control is healthy
[2026-04-01 18:20:01] ✅ star-office is healthy
[2026-04-01 18:25:01] ✅ mission-control is healthy
[2026-04-01 18:25:02] ✅ star-office is healthy
[2026-04-01 18:30:01] ✅ mission-control is healthy
[2026-04-01 18:30:01] ✅ star-office is healthy
[2026-04-01 18:35:01] ✅ mission-control is healthy
[2026-04-01 18:35:01] ✅ star-office is healthy
[2026-04-01 18:40:01] ✅ mission-control is healthy
[2026-04-01 18:40:01] ✅ star-office is healthy
[2026-04-01 18:45:01] ✅ mission-control is healthy
[2026-04-01 18:45:01] ✅ star-office is healthy
[2026-04-01 18:50:02] ✅ mission-control is healthy
[2026-04-01 18:50:02] ✅ star-office is healthy
[2026-04-01 18:55:01] ✅ mission-control is healthy
[2026-04-01 18:55:01] ✅ star-office is healthy
[2026-04-01 19:00:01] ✅ mission-control is healthy
[2026-04-01 19:00:01] ✅ star-office is healthy
[2026-04-01 19:05:01] ✅ mission-control is healthy
[2026-04-01 19:05:01] ✅ star-office is healthy
[2026-04-01 19:10:02] ✅ mission-control is healthy
[2026-04-01 19:10:02] ✅ star-office is healthy
[2026-04-01 19:15:01] ✅ mission-control is healthy
[2026-04-01 19:15:01] ✅ star-office is healthy
[2026-04-01 19:20:01] ✅ mission-control is healthy
[2026-04-01 19:20:01] ✅ star-office is healthy
[2026-04-01 19:25:01] ✅ mission-control is healthy
[2026-04-01 19:25:01] ✅ star-office is healthy
[2026-04-01 19:30:01] ✅ mission-control is healthy
[2026-04-01 19:30:01] ✅ star-office is healthy
[2026-04-01 19:35:01] ✅ mission-control is healthy
[2026-04-01 19:35:01] ✅ star-office is healthy
[2026-04-01 19:40:01] ✅ mission-control is healthy
[2026-04-01 19:40:01] ✅ star-office is healthy
[2026-04-01 19:45:01] ✅ mission-control is healthy
[2026-04-01 19:45:01] ✅ star-office is healthy
[2026-04-01 19:50:01] ✅ mission-control is healthy
[2026-04-01 19:50:01] ✅ star-office is healthy
[2026-04-01 19:55:01] ✅ mission-control is healthy
[2026-04-01 19:55:01] ✅ star-office is healthy
[2026-04-01 20:00:02] ✅ mission-control is healthy
[2026-04-01 20:00:02] ✅ star-office is healthy
[2026-04-01 20:05:01] ❌ mission-control is not responding on port 10086
[2026-04-01 20:05:01] ⚠️ mission-control (port 10086) is down, restarting...
/home/bullrom/mission-control/healthcheck.sh: line 16: pm2: command not found
[2026-04-01 20:05:04] ❌ mission-control restart failed
[2026-04-01 20:05:04] ✅ star-office is healthy
[2026-04-01 20:10:01] ✅ mission-control is healthy
[2026-04-01 20:10:01] ✅ star-office is healthy
[2026-04-01 20:15:01] ✅ mission-control is healthy
[2026-04-01 20:15:02] ✅ star-office is healthy
[2026-04-01 20:20:01] ✅ mission-control is healthy
[2026-04-01 20:20:01] ✅ star-office is healthy
[2026-04-01 20:25:01] ✅ mission-control is healthy
[2026-04-01 20:25:01] ✅ star-office is healthy
[2026-04-01 20:30:01] ✅ mission-control is healthy
[2026-04-01 20:30:01] ✅ star-office is healthy
[2026-04-01 20:35:01] ✅ mission-control is healthy
[2026-04-01 20:35:01] ✅ star-office is healthy
[2026-04-01 20:40:02] ✅ mission-control is healthy
[2026-04-01 20:40:02] ✅ star-office is healthy
[2026-04-01 20:45:01] ✅ mission-control is healthy
[2026-04-01 20:45:01] ✅ star-office is healthy
[2026-04-01 20:50:01] ✅ mission-control is healthy
[2026-04-01 20:50:01] ✅ star-office is healthy
[2026-04-01 20:55:01] ✅ mission-control is healthy
[2026-04-01 20:55:01] ✅ star-office is healthy
[2026-04-01 21:00:01] ✅ mission-control is healthy
[2026-04-01 21:00:01] ✅ star-office is healthy
[2026-04-01 21:05:01] ✅ mission-control is healthy
[2026-04-01 21:05:01] ✅ star-office is healthy
[2026-04-01 21:10:01] ✅ mission-control is healthy
[2026-04-01 21:10:01] ✅ star-office is healthy
[2026-04-01 21:15:02] ✅ mission-control is healthy
[2026-04-01 21:15:02] ✅ star-office is healthy
[2026-04-01 21:20:01] ✅ mission-control is healthy
[2026-04-01 21:20:01] ✅ star-office is healthy
[2026-04-01 21:25:01] ✅ mission-control is healthy
[2026-04-01 21:25:01] ✅ star-office is healthy
[2026-04-01 21:30:01] ✅ mission-control is healthy
[2026-04-01 21:30:01] ✅ star-office is healthy
[2026-04-01 21:35:01] ✅ mission-control is healthy
[2026-04-01 21:35:01] ✅ star-office is healthy
[2026-04-01 21:40:01] ✅ mission-control is healthy
[2026-04-01 21:40:02] ✅ star-office is healthy
[2026-04-01 21:45:01] ✅ mission-control is healthy
[2026-04-01 21:45:01] ✅ star-office is healthy
[2026-04-01 21:50:01] ✅ mission-control is healthy
[2026-04-01 21:50:01] ✅ star-office is healthy
[2026-04-01 21:55:01] ✅ mission-control is healthy
[2026-04-01 21:55:01] ✅ star-office is healthy
[2026-04-01 22:00:01] ✅ mission-control is healthy
[2026-04-01 22:00:01] ✅ star-office is healthy
[2026-04-01 22:05:01] ✅ mission-control is healthy
[2026-04-01 22:05:01] ✅ star-office is healthy
[2026-04-01 22:10:01] ✅ mission-control is healthy
[2026-04-01 22:10:01] ✅ star-office is healthy
[2026-04-01 22:15:02] ✅ mission-control is healthy
[2026-04-01 22:15:02] ✅ star-office is healthy
[2026-04-01 22:20:01] ✅ mission-control is healthy
[2026-04-01 22:20:01] ✅ star-office is healthy
[2026-04-01 22:25:02] ✅ mission-control is healthy
[2026-04-01 22:25:02] ✅ star-office is healthy
[2026-04-01 22:30:01] ❌ mission-control is not responding on port 10086
[2026-04-01 22:30:01] ⚠️ mission-control (port 10086) is down, restarting...
/home/bullrom/mission-control/healthcheck.sh: line 16: pm2: command not found
[2026-04-01 22:30:04] ❌ mission-control restart failed
[2026-04-01 22:30:04] ✅ star-office is healthy
[2026-04-01 22:35:02] ✅ mission-control is healthy
[2026-04-01 22:35:02] ✅ star-office is healthy
[2026-04-01 22:40:01] ✅ mission-control is healthy
[2026-04-01 22:40:01] ✅ star-office is healthy
[2026-04-01 22:45:01] ✅ mission-control is healthy
[2026-04-01 22:45:01] ✅ star-office is healthy
[2026-04-01 22:50:01] ✅ mission-control is healthy
[2026-04-01 22:50:01] ✅ star-office is healthy
[2026-04-01 22:55:01] ✅ mission-control is healthy
[2026-04-01 22:55:01] ✅ star-office is healthy
